c:\users\user\desktop\punisheractiongame_v1021\punisheractiongame\release\punisheractiongame.pch
c:\users\user\desktop\punisheractiongame_v1021\punisheractiongame\release\vc140.pdb
c:\users\user\desktop\punisheractiongame_v1021\punisheractiongame\release\stdafx.obj
c:\users\user\desktop\punisheractiongame_v1021\punisheractiongame\release\spritedib.obj
c:\users\user\desktop\punisheractiongame_v1021\punisheractiongame\release\screendib.obj
c:\users\user\desktop\punisheractiongame_v1021\punisheractiongame\release\punisheractiongame.obj
c:\users\user\desktop\punisheractiongame_v1021\punisheractiongame\release\profiler.obj
c:\users\user\desktop\punisheractiongame_v1021\punisheractiongame\release\cplayerobject.obj
c:\users\user\desktop\punisheractiongame_v1021\punisheractiongame\release\cframecontrol.obj
c:\users\user\desktop\punisheractiongame_v1021\punisheractiongame\release\cbaseobject.obj
c:\users\user\desktop\punisheractiongame_v1021\release\punisheractiongame.exe
c:\users\user\desktop\punisheractiongame_v1021\release\punisheractiongame.ipdb
c:\users\user\desktop\punisheractiongame_v1021\release\punisheractiongame.iobj
c:\users\user\desktop\punisheractiongame_v1021\release\punisheractiongame.pdb
c:\users\user\desktop\punisheractiongame_v1021\punisheractiongame\release\punisheractiongame.res
c:\users\user\desktop\punisheractiongame_v1021\punisheractiongame\release\punisher.eb302487.tlog\cl.command.1.tlog
c:\users\user\desktop\punisheractiongame_v1021\punisheractiongame\release\punisher.eb302487.tlog\cl.read.1.tlog
c:\users\user\desktop\punisheractiongame_v1021\punisheractiongame\release\punisher.eb302487.tlog\cl.write.1.tlog
c:\users\user\desktop\punisheractiongame_v1021\punisheractiongame\release\punisher.eb302487.tlog\link.command.1.tlog
c:\users\user\desktop\punisheractiongame_v1021\punisheractiongame\release\punisher.eb302487.tlog\link.read.1.tlog
c:\users\user\desktop\punisheractiongame_v1021\punisheractiongame\release\punisher.eb302487.tlog\link.write.1.tlog
c:\users\user\desktop\punisheractiongame_v1021\punisheractiongame\release\punisher.eb302487.tlog\rc.command.1.tlog
c:\users\user\desktop\punisheractiongame_v1021\punisheractiongame\release\punisher.eb302487.tlog\rc.read.1.tlog
c:\users\user\desktop\punisheractiongame_v1021\punisheractiongame\release\punisher.eb302487.tlog\rc.write.1.tlog
